[    0.000000] Linux version 4.15.0-106-generic (buildd@lcy01-amd64-016) (gcc version 7.5.0 (Ubuntu 7.5.0-3ubuntu1~18.04)) #107-Ubuntu SMP Thu Jun 4 11:27:52 UTC 2020 (Ubuntu 4.15.0-106.107-generic 4.15.18)
[    0.000000] Command line: BOOT_IMAGE=/boot/vmlinuz-4.15.0-106-generic root=UUID=7ae93c27-5720-4ac8-8ced-366726a2c6ac ro console=tty1 console=ttyS0
[    0.000000] KERNEL supported cpus:
[    0.000000]   Intel GenuineIntel
[    0.000000]   AMD AuthenticAMD
[    0.000000]   Centaur CentaurHauls
[    0.000000] x86/fpu: Supporting XSAVE feature 0x001: 'x87 floating point registers'
[    0.000000] x86/fpu: Supporting XSAVE feature 0x002: 'SSE registers'
[    0.000000] x86/fpu: Supporting XSAVE feature 0x004: 'AVX registers'
[    0.000000] x86/fpu: xstate_offset[2]:  576, xstate_sizes[2]:  256
[    0.000000] x86/fpu: Enabled xstate features 0x7, context size is 832 bytes, using 'standard' format.
[    0.000000] e820: BIOS-provided physical RAM map:
[    0.000000] BIOS-e820: [mem 0x0000000000000000-0x000000000009fbff] usable
[    0.000000] BIOS-e820: [mem 0x000000000009fc00-0x000000000009ffff] reserved
[    0.000000] BIOS-e820: [mem 0x00000000000f0000-0x00000000000fffff] reserved
[    0.000000] BIOS-e820: [mem 0x0000000000100000-0x000000003ffeffff] usable
[    0.000000] BIOS-e820: [mem 0x000000003fff0000-0x000000003fffffff] ACPI data
[    0.000000] BIOS-e820: [mem 0x00000000fec00000-0x00000000fec00fff] reserved
[    0.000000] BIOS-e820: [mem 0x00000000fee00000-0x00000000fee00fff] reserved
[    0.000000] BIOS-e820: [mem 0x00000000fffc0000-0x00000000ffffffff] reserved
[    0.000000] NX (Execute Disable) protection: active
[    0.000000] SMBIOS 2.5 present.
[    0.000000] DMI: innotek GmbH VirtualBox/VirtualBox, BIOS VirtualBox 12/01/2006
[    0.000000] Hypervisor detected: KVM
[    0.000000] e820: last_pfn = 0x3fff0 max_arch_pfn = 0x400000000
[    0.000000] MTRR: Disabld
[  0.000000] x86/PAT: MTRRs disabled, skipping PAT initialization too.
[    0.000000] CPU MTRRs all blank - virtualized system.
[    0.000000] x86/PAT: Configuration [0-7]: WB  WT  UC- UC  WB  WT  UC- UC  
[    0.000000] found SMP MP-table at [mem 0x0009fff0-0x0009ffff]
[    0.000000] Scanning 1 areas for low memory corruption
[    0.000000] RAMDISK: [mem 0x3595f000-0x36ca6fff]
[    0.000000] ACPI: Early table checksum verification disabled
[    0.000000] ACPI: RSDP 0x00000000000E0000 000024 (v02 VBOX  )
[    0.000000] ACPI: XSDT 0x000000003FFF0030 00003C (v01 VBOX   VBOXXSDT 00000001 ASL  00000061)
[    0.000000] ACPI: FACP 0x000000003FFF00F0 0000F4 (v04 VBOX   VBOXFACP 00000001 ASL  00000061)
[    0.000000] ACPI: DSDT 0x000000003FFF0470 0021FF (v02 VBOX   VBOXBIOS 00000002 INTL 20180105)
[    0.000000] ACPI: FACS 0x000000003FFF0200 000040
[    0.000000] ACPI: FACS 0x000000003FFF0200 000040
[    0.000000] ACPI: APIC 0x000000003FFF0240 00005C (v02 VBOX   VBOXAPIC 00000001 ASL  00000061)
[    0.000000] ACPI: SSDT 0x000000003FFF02A0 0001CC (v01 VBOX   VBOXCPUT 00000002 INTL 20180105)
[    0.000000] No NUMA configuration found
[    0.000000] Faking a node at [mem 0x0000000000000000-0x000000003ffeffff]
[    0.000000] NODE_DATA(0) allocated [mem 0x3ffc5000-0x3ffeffff]
[    0.000000] kvm-clock: cpu 0, msr 0:3ff44001, primary cpu clock
[    0.000000] kvm-clock: Using msrs 4b564d01 and 4b564d00
[    0.000000] kvm-clock: using sched offset of 4248858921 cycles
[    0.000000] clocksource: kvm-clock: mask: 0xffffffffffffffff max_cycles: 0x1cd42e4dffb, max_idle_ns: 881590591483 ns
[    0.000000] Zone ranges:
[    0.000000]   DMA      [mem 0x0000000000001000-0x0000000000ffffff]
[    0.000000]   DMA32    [mem 0x0000000001000000-0x000000003ffeffff]
[    0.000000]   Normal   empty
[    0.000000]   Device   empty
[    0.000000] Movable zone start for each node
[    0.000000] Early memory node ranges
[    0.000000]   node   0: [mem 0x0000000000001000-0x000000000009efff]
[    0.000000]   node   0: [mem 0x0000000000100000-0x000000003ffeffff]
[    0.000000] Reserved but unavailable: 98 pages
[    0.000000] Initmem setup node 0 [mem 0x0000000000001000-0x000000003ffeffff]
[    0.000000] ACPI: PM-Timer IO Port: 0x4008
[    0.000000] IOAPIC[0]: apic_id 2, version 32, address 0xfec00000, GSI 0-23
[    0.000000] ACPI: INT_SRC_OVR (bus 0 bus_irq 0 global_irq 2 dfl dfl)
[    0.000000] ACPI: INT_SRC_OVR (bus 0 bus_irq 9 global_irq 9 low level)
[    0.000000] Using ACPI (MADT) for SMP configuration information
[    0.000000] smpboot: Allowing 2 CPUs, 0 hotplug CPUs
[    0.000000] PM: Registered nosave memory: [mem 0x00000000-0x00000fff]
[    0.000000] PM: Registered nosave memory: [mem 0x0009f000-0x0009ffff]
[    0.000000] PM: Registered nosave memory: [mem 0x000a0000-0x000effff]
[    0.000000] PM: Registered nosave memory: [mem 0x000f0000-0x000fffff]
[    0.000000] e820: [mem 0x40000000-0xfebfffff] available for PCI devices
[    0.000000] Booting paravirtualized kernel on KVM
[    0.000000] clocksource: refined-jiffies: mask: 0xffffffff max_cycles: 0xffffffff, max_idle_ns: 7645519600211568 ns
[    0.000000] random: get_random_bytes called from start_kernel+0x99/0x4fd with crng_init=0
[    0.000000] setup_percpu: NR_CPUS:8192 nr_cpumask_bits:2 nr_cpu_ids:2 nr_node_ids:1
[    0.000000] percpu: Embedded 45 pages/cpu s147456 r8192 d28672 u1048576
[    0.000000] PV qspinlock hash table entries: 256 (order: 0, 4096 bytes)
[    0.000000] Built 1 zonelists, mobility grouping on.  Total pages: 257913
[    0.000000] Policy zone: DMA32
[    0.000000] Kernel command line: BOOT_IMAGE=/boot/vmlinuz-4.15.0-106-generic root=UUID=7ae93c27-5720-4ac8-8ced-366726a2c6ac ro console=tty1 console=ttyS0
[    0.000000] Memory: 982508K/1048120K available (12300K kernel code, 2481K rwdata, 4272K rodata, 2436K init, 2720K bss, 65612K reserved, 0K cma-reserved)
[    0.000000] SLUB: HWalign=64, Order=0-3, MinObjects=0, CPUs=2, Nodes=1
[    0.000000] Kernel/User page tables isolation: enabled
[    0.000000] ftrace: allocating 39378 entries in 154 pages
[    0.004000] Hierarchical RCU implementation.
[    0.004000] 	RCU restricting CPUs from NR_CPUS=8192 to nr_cpu_ids=2.
[    0.004000] 	Tasks RCU enabled.
[    0.004000] RCU: Adjusting geometry for rcu_fanout_leaf=16, nr_cpu_ids=2
[    0.004000] NR_IRQS: 524544, nr_irqs: 440, preallocated irqs: 16
[    0.004000] Console: colour VGA+ 80x25
[    0.004000] console [tty1] enabled
[    0.004000] console [ttyS0] enabled
[    0.004000] ACPI: Core revision 20170831
[    0.004000] ACPI: 2 ACPI AML tables successfully acquired and loaded
[    0.004000] APIC: Switch to symmetric I/O mode setup
[    0.004242] x2apic enabled
[    0.004906] Switched APIC routing to physical x2apic.
[    0.006798] ..TIMER: vector=0x30 apic1=0 pin1=2 apic2=-1 pin2=-1
[    0.008002] tsc: Detected 2592.008 MHz processor
[    0.008722] Calibrating delay loop (skipped) preset value.. 5184.01 BogoMIPS (lpj=10368032)
[    0.009206] pid_max: default: 32768 minimum: 301
[    0.012038] Security Framework initialized
[    0.012652] Yama: becoming mindful.
[    0.013192] AppArmor: AppArmor initialized
[    0.014591] Dentry cache hash table entries: 131072 (order: 8, 1048576 bytes)
[    0.016077] Inode-cache hash table entries: 65536 (order: 7, 524288 bytes)
[    0.020020] Mount-cache hash table entries: 2048 (order: 2, 16384 bytes)
[    0.020936] Mountpoint-cache hash table entries: 2048 (order: 2, 16384 bytes)
[    0.024289] Last level iTLB entries: 4KB 64, 2MB 8, 4MB 8
[    0.025588] Last level dTLB entries: 4KB 64, 2MB 0, 4MB 0, 1GB 4
[    0.026724] Spectre V1 : Mitigation: usercopy/swapgs barriers and __user pointer sanitization
[    0.028004] Spectre V2 : Mitigation: Full generic retpoline
[    0.029012] Spectre V2 : Spectre v2 / SpectreRSB mitigation: Filling RSB on context switch
[    0.032002] Speculative Store Bypass: Vulnerable
[    0.033018] SRBDS: Unknown: Dependent on hypervisor status
[    0.034140] MDS: Mitigation: Clear CPU buffers
[    0.035079] Freeing SMP alternatives memory: 36K
[    0.143257] smpboot: CPU0: Intel(R) Core(TM) i7-6700HQ CPU @ 2.60GHz (family: 0x6, model: 0x5e, stepping: 0x3)
[    0.144094] Performance Events: unsupported p6 CPU model 94 no PMU driver, software events only.
[    0.148056] Hierarchical SRCU implementation.
[    0.149731] NMI watchdog: Perf event create on CPU 0 failed with -2
[    0.152002] NMI watchdog: Perf NMI watchdog permanently disabled
[    0.153102] smp: Bringing up secondary CPUs ...
[    0.154027] x86: Booting SMP configuration:
[    0.154931] .... node  #0, CPUs:      #1
[    0.004000] kvm-clock: cpu 1, msr 0:3ff44041, secondary cpu clock
[    0.159063] smp: Brought up 1 node, 2 CPUs
[    0.160004] smpboot: Max logical packages: 1
[    0.160789] smpboot: Total of 2 processors activated (10368.03 BogoMIPS)
[    0.162290] devtmpfs: initialized
[    0.162290] x86/mm: Memory block size: 128MB
[    0.164134] evm: security.selinux
[    0.164854] evm: security.SMACK64
[    0.165584] evm: security.SMACK64EXEC
[    0.166329] evm: security.SMACK64TRANSMUTE
[    0.167102] evm: security.SMACK64MMAP
[    0.167923] evm: security.apparmor
[    0.168003] evm: security.ima
[    0.168639] evm: security.capability
[    0.169331] clocksource: jiffies: mask: 0xffffffff max_cycles: 0xffffffff, max_idle_ns: 7645041785100000 ns
[    0.169810] futex hash table entries: 512 (order: 3, 32768 bytes)
[    0.172933] pinctrl core: initialized pinctrl subsystem
[    0.176041] RTC time: 14:40:35, date: 06/18/20
[    0.177015] NET: Registered protocol family 16
[    0.177751] audit: initializing netlink subsys (disabled)
[    0.180023] audit: type=2000 audit(1592491241.705:1): state=initialized audit_enabled=0 res=1
[    0.181877] cpuidle: using governor ladder
[    0.181877] cpuidle: using governor menu
[    0.181877] ACPI: bus type PCI registered
[    0.184004] acpiphp: ACPI Hot Plug PCI Controller Driver version: 0.5
[    0.185233] PCI: Using configuration type 1 for base access
[    0.186223] HugeTLB registered 2.00 MiB page size, pre-allocated 0 pages
[    0.188150] ACPI: Added _OSI(Module Device)
[    0.188925] ACPI: Added _OSI(Processor Device)
[    0.189709] ACPI: Added _OSI(3.0 _SCP Extensions)
[    0.192004] ACPI: Added _OSI(Processor Aggregator Device)
[    0.193101] ACPI: Added _OSI(Linux-Dell-Video)
[    0.194089] ACPI: Added _OSI(Linux-Lenovo-NV-HDMI-Audio)
[    0.195034] ACPI: Added _OSI(Linux-HPI-Hybrid-Graphics)
[    0.196294] ACPI: Executed 1 blocks of module-level executable AML code
[    0.200626] ACPI: Interpreter enabled
[    0.201453] ACPI: (supports S0 S5)
[    0.202096] ACPI: Using IOAPIC for interrupt routing
[    0.203248] PCI: Using host bridge windows from ACPI; if necessary, use "pci=nocrs" and report a bug
[    0.204200] ACPI: Enabled 2 GPEs in block 00 to 07
[    0.210969] ACPI: PCI Root Bridge [PCI0] (domain 0000 [bus 00-ff])
[    0.212006] acpi PNP0A03:00: _OSC: OS supports [ASPM ClockPM Segments MSI]
[    0.213480] acpi PNP0A03:00: _OSC: not requesting OS control; OS requires [ExtendedConfig ASPM ClockPM MSI]
[    0.215108] acpi PNP0A03:00: fail to add MMCONFIG information, can't access extended PCI configuration space under this bridge.
[    0.216410] PCI host bridge to bus 0000:00
[    0.217227] pci_bus 0000:00: root bus resource [io  0x0000-0x0cf7 window]
[    0.218436] pci_bus 0000:00: root bus resource [io  0x0d00-0xffff window]
[    0.220003] pci_bus 0000:00: root bus resource [mem 0x000a0000-0x000bffff window]
[    0.221402] pci_bus 0000:00: root bus resource [mem 0x40000000-0xfdffffff window]
[    0.222718] pci_bus 0000:00: root bus resource [bus 00-ff]
[    0.225965] pci 0000:00:01.1: legacy IDE quirk: reg 0x10: [io  0x01f0-0x01f7]
[    0.227321] pci 0000:00:01.1: legacy IDE quirk: reg 0x14: [io  0x03f6]
[    0.228003] pci 0000:00:01.1: legacy IDE quirk: reg 0x18: [io  0x0170-0x0177]
[    0.230162] pci 0000:00:01.1: legacy IDE quirk: reg 0x1c: [io  0x0376]
[    0.246673] pci 0000:00:07.0: quirk: [io  0x4000-0x403f] claimed by PIIX4 ACPI
[    0.248028] pci 0000:00:07.0: quirk: [io  0x4100-0x410f] claimed by PIIX4 SMB
[    0.259159] ACPI: PCI Interrupt Link [LNKA] (IRQs 5 9 10 *11)
[    0.260395] ACPI: PCI Interrupt Link [LNKB] (IRQs 5 9 *10 11)
[    0.261678] ACPI: PCI Interrupt Link [LNKC] (IRQs 5 *9 10 11)
[    0.264094] ACPI: PCI Interrupt Link [LNKD] (IRQs 5 9 10 *11)
[    0.265661] SCSI subsystem initialized
[    0.266746] pci 0000:00:02.0: vgaarb: setting as boot VGA device
[    0.266746] pci 0000:00:02.0: vgaarb: VGA device added: decodes=io+mem,owns=io+mem,locks=none
[    0.268016] pci 0000:00:02.0: vgaarb: bridge control possible
[    0.268933] vgaarb: loaded
[    0.272068] ACPI: bus type USB registered
[    0.272727] usbcore: registered new interface driver usbfs
[    0.273533] usbcore: registered new interface driver hub
[    0.274338] usbcore: registered new device driver usb
[    0.276092] EDAC MC: Ver: 3.0.0
[    0.280255] PCI: Using ACPI for IRQ routing
[    0.284316] NetLabel: Initializing
[    0.288003] NetLabel:  domain hash size = 128
[    0.292004] NetLabel:  protocols = UNLABELED CIPSOv4 CALIPSO
[    0.293107] NetLabel:  unlabeled traffic allowed by default
[    0.296151] clocksource: Switched to clocksource kvm-clock
[    0.307809] VFS: Disk quotas dquot_6.6.0
[    0.308663] VFS: Dquot-cache hash table entries: 512 (order 0, 4096 bytes)
[    0.309984] AppArmor: AppArmor Filesystem Enabled
[    0.310827] pnp: PnP ACPI init
[    0.312331] pnp: PnP ACPI: found 3 devices
[    0.321719] clocksource: acpi_pm: mask: 0xffffff max_cycles: 0xffffff, max_idle_ns: 2085701024 ns
[    0.323356] NET: Registered protocol family 2
[    0.324394] TCP established hash table entries: 8192 (order: 4, 65536 bytes)
[    0.325702] TCP bind hash table entries: 8192 (order: 5, 131072 bytes)
[    0.327509] TCP: Hash tables configured (established 8192 bind 8192)
[    0.328779] UDP hash table entries: 512 (order: 2, 16384 bytes)
[    0.329875] UDP-Lite hash table entries: 512 (order: 2, 16384 bytes)
[    0.331054] NET: Registered protocol family 1
[    0.331890] pci 0000:00:00.0: Limiting direct PCI/PCI transfers
[    0.333082] pci 0000:00:01.0: Activating ISA DMA hang workarounds
[    0.334241] pci 0000:00:02.0: Video device with shadowed ROM at [mem 0x000c0000-0x000dffff]
[    0.335892] Unpacking initramfs...
[    0.630559] Freeing initrd memory: 19744K
[    0.631601] clocksource: tsc: mask: 0xffffffffffffffff max_cycles: 0x255cbea3061, max_idle_ns: 440795313801 ns
[    0.633572] platform rtc_cmos: registered platform RTC device (no PNP device found)
[    0.635027] Scanning for low memory corruption every 60 seconds
[    0.636799] Initialise system trusted keyrings
[    0.637681] Key type blacklist registered
[    0.638565] workingset: timestamp_bits=36 max_order=18 bucket_order=0
[    0.640672] zbud: loaded
[    0.641722] squashfs: version 4.0 (2009/01/31) Phillip Lougher
[    0.642809] fuse init (API version 7.26)
[    0.652247] Key type asymmetric registered
[    0.653078] Asymmetric key parser 'x509' registered
[    0.653853] Block layer SCSI generic (bsg) driver version 0.4 loaded (major 246)
[    0.655064] io scheduler noop registered
[    0.655981] io scheduler deadline registered
[    0.656851] io scheduler cfq registered (default)
[    0.658047] ACPI: AC Adapter [AC] (on-line)
[    0.658970] input: Power Button as /devices/LNXSYSTM:00/LNXPWRBN:00/input/input0
[    0.660461] ACPI: Power Button [PWRF]
[    0.661231] input: Sleep Button as /devices/LNXSYSTM:00/LNXSLPBN:00/input/input1
[    0.662617] ACPI: Sleep Button [SLPF]
[    0.664222] Serial: 8250/16550 driver, 32 ports, IRQ sharing enabled
[    0.664485] ACPI: Battery Slot [BAT0] (battery present)
[    0.687987] 00:02  ttyS0 at I/O 0x3f8 (irq = 4, base_baud = 115200) is a 16550A
[    0.888018] Linux agpgart interface v0.103
[    0.891320] loop: module loaded
[    0.892943] scsi host0: ata_piix
[    0.893971] scsi host1: ata_piix
[    0.894788] ata1: PATA max UDMA/33 cmd 0x1f0 ctl 0x3f6 bmdma 0xd000 irq 14
[    0.896246] ata2: PATA max UDMA/33 cmd 0x170 ctl 0x376 bmdma 0xd008 irq 15
[    0.906263] libphy: Fixed MDIO Bus: probed
[    0.907290] tun: Universal TUN/TAP device driver, 1.6
[    0.908565] PPP generic driver version 2.4.2
[    0.909650] ehci_hcd: USB 2.0 'Enhanced' Host Controller (EHCI) Driver
[    0.911135] ehci-pci: EHCI PCI platform driver
[    0.912196] ehci-platform: EHCI generic platform driver
[    0.913420] ohci_hcd: USB 1.1 'Open' Host Controller (OHCI) Driver
[    0.997293] ohci-pci: OHCI PCI platform driver
[    0.998305] ohci-platform: OHCI generic platform driver
[    0.999419] uhci_hcd: USB Universal Host Controller Interface driver
[    1.000821] i8042: PNP: PS/2 Controller [PNP0303:PS2K,PNP0f03:PS2M] at 0x60,0x64 irq 1,12
[    1.002923] serio: i8042 KBD port at 0x60,0x64 irq 1
[    1.075350] serio: i8042 AUX port at 0x60,0x64 irq 12
[    1.165784] mousedev: PS/2 mouse device common for all mice
[    1.256041] input: AT Translated Set 2 keyboard as /devices/platform/i8042/serio0/input/input2
[    1.258483] rtc_cmos rtc_cmos: rtc core: registered rtc_cmos as rtc0
[    1.259548] rtc_cmos rtc_cmos: alarms up to one day, 114 bytes nvram
[    1.265803] i2c /dev entries driver
[    1.266428] device-mapper: uevent: version 1.0.3
[    1.267333] device-mapper: ioctl: 4.37.0-ioctl (2017-09-20) initialised: dm-devel@redhat.com
[    1.268698] ledtrig-cpu: registered to indicate activity on CPUs
[    1.275621] NET: Registered protocol family 10
[    1.280203] Segment Routing with IPv6
[    1.302056] NET: Registered protocol family 17
[    1.304851] Key type dns_resolver registered
[    1.305812] mce: Using 0 MCE banks
[    1.334783] RAS: Correctable Errors collector initialized.
[    1.335688] sched_clock: Marking stable (1334751693, 0)->(1726543398, -391791705)
[    1.337333] registered taskstats version 1
[    1.338015] Loading compiled-in X.509 certificates
[    1.341781] Loaded X.509 cert 'Build time autogenerated kernel key: b1772ce3e036cbf6bf2b7e9ed9be0f8806d61091'
[    1.343322] zswap: loaded using pool lzo/zbud
[    1.347537] Key type big_key registered
[    1.350418] Key type trusted registered
[    1.353403] Key type encrypted registered
[    1.354099] AppArmor: AppArmor sha1 policy hashing enabled
[    1.354960] ima: No TPM chip found, activating TPM-bypass! (rc=-19)
[    1.355892] ima: Allocated hash algorithm: sha1
[    1.356598] evm: HMAC attrs: 0x1
[    1.357323]   Magic number: 8:968:687
[    1.358032] rtc_cmos rtc_cmos: setting system clock to 2020-06-18 14:40:37 UTC (1592491237)
[    1.359402] BIOS EDD facility v0.16 2004-Jun-25, 0 devices found
[    1.360280] EDD information not available.
[    1.363536] Freeing unused kernel image memory: 2436K
[    1.380193] Write protecting the kernel read-only data: 20480k
[    1.387733] Freeing unused kernel image memory: 2008K
[    1.389448] Freeing unused kernel image memory: 1872K
[    1.397635] x86/mm: Checked W+X mappings: passed, no W+X pages found.
[    1.398702] x86/mm: Checking user space page tables
[    1.406535] x86/mm: Checked W+X mappings: passed, no W+X pages found.
Loading, please wait...
starting version 237
[    1.479786] e1000: Intel(R) PRO/1000 Network Driver - version 7.3.21-k8-NAPI
[    1.495967] e1000: Copyright (c) 1999-2006 Intel Corporation.
[    1.530763] Fusion MPT base driver 3.04.20
[    1.585144] Copyright (c) 1999-2008 LSI Corporation
[    1.598382] Fusion MPT SPI Host driver 3.04.20
[    1.605466] AVX2 version of gcm_enc/dec engaged.
[    1.606312] AES CTR mode by8 optimization enabled
[    1.794199] input: ImExPS/2 Generic Explorer Mouse as /devices/platform/i8042/serio1/input/input4
[    1.935045] e1000 0000:00:03.0 eth0: (PCI:33MHz:32-bit) 02:2b:21:86:a5:be
[    2.006718] e1000 0000:00:03.0 eth0: Intel(R) PRO/1000 Network Connection
[    2.008650] mptbase: ioc0: Initiating bringup
[    2.145685] ioc0: LSI53C1030 A0: Capabilities={Initiator}
[    2.505335] scsi host2: ioc0: LSI53C1030 A0, FwRev=00000000h, Ports=1, MaxQ=256, IRQ=20
[    3.236031] scsi 2:0:0:0: Direct-Access     VBOX     HARDDISK         1.0  PQ: 0 ANSI: 5
[    3.280080] scsi target2:0:0: Beginning Domain Validation
[    3.297769] scsi target2:0:0: Domain Validation skipping write tests
[    3.303242] scsi target2:0:0: Ending Domain Validation
[    3.306040] scsi target2:0:0: asynchronous
[    3.308731] scsi 2:0:1:0: Direct-Access     VBOX     HARDDISK         1.0  PQ: 0 ANSI: 5
[    3.572062] scsi target2:0:1: Beginning Domain Validation
[    3.615945] e1000 0000:00:08.0 eth1: (PCI:33MHz:32-bit) 08:00:27:e5:81:b9
[    3.626612] e1000 0000:00:08.0 eth1: Intel(R) PRO/1000 Network Connection
[    3.639800] e1000 0000:00:03.0 enp0s3: renamed from eth0
[    3.648962] random: fast init done
[    3.649243] random: systemd-udevd: uninitialized urandom read (16 bytes read)
[    3.649989] scsi target2:0:1: Domain Validation skipping write tests
[    3.653246] random: systemd-udevd: uninitialized urandom read (16 bytes read)
[    3.654289] scsi target2:0:1: Ending Domain Validation
[    3.655505] random: systemd-udevd: uninitialized urandom read (16 bytes read)
[    3.656448] scsi target2:0:1: asynchronous
[    3.661233] sd 2:0:0:0: [sda] 20971520 512-byte logical blocks: (10.7 GB/10.0 GiB)
[    3.662479] sd 2:0:0:0: [sda] Write Protect is off
[    3.663307] sd 2:0:0:0: [sda] Incomplete mode parameter data
[    3.664191] sd 2:0:0:0: [sda] Assuming drive cache: write through
[    3.665197] sd 2:0:0:0: Attached scsi generic sg0 type 0
[    3.666792] sd 2:0:1:0: [sdb] 20480 512-byte logical blocks: (10.5 MB/10.0 MiB)
[    3.666801] sd 2:0:1:0: Attached scsi generic sg1 type 0
[    3.668171] sd 2:0:1:0: [sdb] Write Protect is off
[    3.670807] e1000 0000:00:08.0 enp0s8: renamed from eth1
[    3.670810] sd 2:0:1:0: [sdb] Incomplete mode parameter data
[    3.675257] sd 2:0:1:0: [sdb] Assuming drive cache: write through
[    3.699522]  sda: sda1
[    3.767992] sd 2:0:0:0: [sda] Attached SCSI disk
[    3.778678] sd 2:0:1:0: [sdb] Attached SCSI disk
Begin: Loading essential drivers ... [    5.523169] raid6: sse2x1   gen() 12015 MB/s
[    5.596078] raid6: sse2x1   xor()  7859 MB/s
[    5.664074] raid6: sse2x2   gen() 12286 MB/s
[    5.728061] raid6: sse2x2   xor()  7685 MB/s
[    5.792082] raid6: sse2x4   gen() 12515 MB/s
[    5.888067] raid6: sse2x4   xor()  9659 MB/s
[    5.956076] raid6: avx2x1   gen() 22332 MB/s
[    6.028015] raid6: avx2x1   xor() 15185 MB/s
[    6.084099] raid6: avx2x2   gen() 24873 MB/s
[    6.132066] raid6: avx2x2   xor() 17408 MB/s
[    6.180063] raid6: avx2x4   gen() 30586 MB/s
[    6.228035] raid6: avx2x4   xor() 18853 MB/s
[    6.229066] raid6: using algorithm avx2x4 gen() 30586 MB/s
[    6.230027] raid6: .... xor() 18853 MB/s, rmw enabled
[    6.231168] raid6: using avx2x2 recovery algorithm
[    6.233903] xor: automatically using best checksumming function   avx       
[    6.236730] async_tx: api initialized (async)
done.
Begin: Running /scripts/init-premount ... done.
Begin: Mounting root file system ... Begin: Running /scripts/local-top ... done.
Begin: Running /scripts/local-premount ... [    6.290386] Btrfs loaded, crc32c=crc32c-intel
Scanning for Btrfs filesystems
done.
Warning: fsck not present, so skipping root file system
[    6.389687] EXT4-fs (sda1): mounted filesystem with ordered data mode. Opts: (null)
done.
Begin: Running /scripts/local-bottom ... done.
Begin: Running /scripts/init-bottom ... done.
[    7.770519] ip_tables: (C) 2000-2006 Netfilter Core Team
[    8.056085] systemd[1]: systemd 237 running in system mode. (+PAM +AUDIT +SELINUX +IMA +APPARMOR +SMACK +SYSVINIT +UTMP +LIBCRYPTSETUP +GCRYPT +GNUTLS +ACL +XZ +LZ4 +SECCOMP +BLKID +ELFUTILS +KMOD -IDN2 +IDN -PCRE2 default-hierarchy=hybrid)
[    8.186212] systemd[1]: Detected virtualization oracle.
[    8.187084] systemd[1]: Detected architecture x86-64.

Welcome to [1mUbuntu 18.04.4 LTS[0m!

[    8.222959] systemd[1]: Set hostname to <ubuntu-bionic>.
[    8.403561] random: crng init done
[    8.429026] random: 7 urandom warning(s) missed due to ratelimiting
[   11.447947] systemd[1]: Reached target User and Group Name Lookups.
[[0;32m  OK  [0m] Reached target User and Group Name Lookups.
[   11.463266] systemd[1]: Created slice System Slice.
[[0;32m  OK  [0m] Created slice System Slice.
[   11.477354] systemd[1]: Listening on udev Kernel Socket.
[[0;32m  OK  [0m] Listening on udev Kernel Socket.
[   11.479913] systemd[1]: Listening on Journal Socket.
[[0;32m  OK  [0m] Listening on Journal Socket.
[   11.483239] systemd[1]: Starting Remount Root and Kernel File Systems...
         Starting Remount Root and Kernel File Systems...
[   11.496123] systemd[1]: Reached target Swap.
[[0;32m  OK  [0m] Reached target S[   11.516633] EXT4-fs (sda1): re-mounted. Opts: (null)
wap.
         Starting Uncomplicated firewall...
[[0;32m  OK  [0m] Created slice User and Session Slice.
[[0;32m  OK  [0m] Listening on Journal Socket (/dev/log).
[[0;32m  OK  [0m] Listening on /dev/initctl Compatibility Named Pipe.
[[0;32m  OK  [0m] Created slice system-serial\x2dgetty.slice.
[[0;32m  OK  [0m] Set up automount Arbitrary Executab…rmats File System Automount Point.
[[0;32m  OK  [0m] Reached target Slices.
         Mounting POSIX Message Queue File System...
         Mounting Kernel Debug File System...
         Starting Set the console keyboard layout...
[[0;32m  OK  [0m] Listening on Syslog Socket.
         Starting Create list of required st…ce nodes for the current kernel...
         Starting Load Kernel Modules...
[[0;32m  OK  [0m] Reached target System Time Synchronized.
[[0;32m  OK  [0m] Started Forward Password Requests to Wall Directory Watch.
[[0;32m  OK  [0m] Listening on Journal Audit Socket.
         Mounting Huge Pages File System...
         Starting Journal Service...
[[0;32m  OK  [0m] Listening on LVM2 metadata daemon socket.
[[0;32m  OK  [0m] Listening on Network Service Netlink Socket.
[[0;32m  OK  [0m] Listening on udev Control Socket.
         Starting udev Coldplug all Devices...
[[0;32m  OK  [0m] Listening on Device-mapper event daemon FIFOs.
         Starting Monitoring of LVM2 mirrors…ng dmeventd or progress polling...
[[0;32m  OK  [0m] Listening on LVM2 poll daemon socket.
[[0;32m  OK  [0m] Started Journal Service.
[[0;32m  OK  [0m] Started Remount Root and Kernel File Systems.
[[0;32m  OK  [0m] Started Uncomplicated firewall.
[[0;32m  OK  [0m] Mounted POSIX Message Queue File System.
[[0;32m  OK  [0m] Mounted Kernel Debug File System.
[[0;32m  OK  [0m] Started Create list of required sta…vice nodes for the current kernel.
[[0;32m  OK  [0m] Mounted Huge Pages File System.
         Starting Create Static Device Nodes in /dev...
         Starting Load/Save Random Seed...
[   12.186042] Loading iSCSI transport class v2.0-870.
         Starting Flush Journal to Persistent Storage...
[[0;32m  OK  [0m] Started udev Coldplug all Devices.
[[0;32m  OK  [0m] Started Load/Save Random Seed.
[[0;32m  OK  [0m] Started LVM2 metadata daemon.
[   12.512668] iscsi: registered transport (tcp)
[   12.600306] systemd-journald[398]: Received request to flush runtime journal from PID 1
[[0;32m  OK  [0m] Started Set the console keyboard layout.
[[0;32m  OK  [0m] Started Create Static Device Nodes in /dev.
         Starting udev Kernel Device Manager...
[   12.937598] iscsi: registered transport (iser)
[[0;32m  OK  [0m] Started Monitoring of LVM2 mirrors,…sing dmeventd or progress polling.
[[0;32m  OK  [0m] Started Load Kernel Modules.
         Starting Apply Kernel Variables...
         Mounting Kernel Configuration File System...
         Mounting FUSE Control File System...
[[0;32m  OK  [0m] Reached target Local File Systems (Pre).
[[0;32m  OK  [0m] Reached target Local File Systems.
         Starting ebtables ruleset management...
         Starting AppArmor initialization...
         Starting Tell Plymouth To Write Out Runtime Data...
         Starting Set console font and keymap...
[[0;32m  OK  [0m] Mounted Kernel Configuration File System.
[[0;32m  OK  [0m] Mounted FUSE Control File System.
[[0;32m  OK  [0m] Started Tell Plymouth To Write Out Runtime Data.
[[0;32m  OK  [0m] Started Set console font and keymap.
[[0;32m  OK  [0m] Started Apply Kernel Variables.
[[0;32m  OK  [0m] Started udev Kernel Device Manager.
[[0;32m  OK  [0m] Started Dispatch Password Requests to Console Directory Watch.
[[0;32m  OK  [0m] Reached target Local Encrypted Volumes.
[[0;32m  OK  [0m] Found device /dev/ttyS0.
[[0;32m  OK  [0m] Listening on Load/Save RF Kill Switch Status /dev/rfkill Watch.
[[0;32m  OK  [0m] Started ebtables ruleset management.
[[0;32m  OK  [0m] Started Flush Journal to Persistent Storage.
         Starting Create Volatile Files and Directories...
[[0;32m  OK  [0m] Started Create Volatile Files and Directories.
         Starting Update UTMP about System Boot/Shutdown...
[[0;32m  OK  [0m] Started Update UTMP about System Boot/Shutdown.
[[0;32m  OK  [0m] Started AppArmor initialization.
         Starting Initial cloud-init job (pre-networking)...
[   21.521346] cloud-init[540]: Cloud-init v. 19.4-33-gbb4131a2-0ubuntu1~18.04.1 running 'init-local' at Thu, 18 Jun 2020 14:40:57 +0000. Up 20.97 seconds.
[[0;32m  OK  [0m] Started Initial cloud-init job (pre-networking).
[[0;32m  OK  [0m] Reached target Network (Pre).
         Starting Network Service...
[[0;32m  OK  [0m] Started Network Service.
         Starting Wait for Network to be Configured...
         Starting Network Name Resolution...
[[0;32m  OK  [0m] Started Network Name Resolution.
[[0;32m  OK  [0m] Reached target Host and Network Name Lookups.
[[0;32m  OK  [0m] Reached target Network.
[[0;32m  OK  [0m] Started Wait for Network to be Configured.
         Starting Initial cloud-init job (metadata service crawler)...
[   23.384681] cloud-init[663]: Cloud-init v. 19.4-33-gbb4131a2-0ubuntu1~18.04.1 running 'init' at Thu, 18 Jun 2020 14:40:59 +0000. Up 23.15 seconds.
[   23.402145] cloud-init[663]: ci-info: ++++++++++++++++++++++++++++++++++++++Net device info+++++++++++++++++++++++++++++++++++++++
[   23.403935] cloud-init[663]: ci-info: +--------+------+-----------------------------+---------------+--------+-------------------+
[   23.405570] cloud-init[663]: ci-info: | Device |  Up  |           Address           |      Mask     | Scope  |     Hw-Address    |
[   23.407302] cloud-init[663]: ci-info: +--------+------+-----------------------------+---------------+--------+-------------------+
[   23.408924] cloud-init[663]: ci-info: | enp0s3 | True |          10.0.2.15          | 255.255.255.0 | global | 02:2b:21:86:a5:be |
[   23.410547] cloud-init[663]: ci-info: | enp0s3 | True |  fe80::2b:21ff:fe86:a5be/64 |       .       |  link  | 02:2b:21:86:a5:be |
[   23.412174] cloud-init[663]: ci-info: | enp0s8 | True |         10.10.10.100        | 255.255.255.0 | global | 08:00:27:e5:81:b9 |
[   23.413754] cloud-init[663]: ci-info: | enp0s8 | True | fe80::a00:27ff:fee5:81b9/64 |       .       |  link  | 08:00:27:e5:81:b9 |
[   23.415380] cloud-init[663]: ci-info: |   lo   | True |          127.0.0.1          |   255.0.0.0   |  host  |         .         |
[   23.432997] cloud-init[663]: ci-info: |   lo   | True |           ::1/128           |       .       |  host  |         .         |
[   23.439172] cloud-init[663]: ci-info: +--------+------+-----------------------------+---------------+--------+-------------------+
[   23.441100] cloud-init[663]: ci-info: ++++++++++++++++++++++++++++Route IPv4 info+++++++++++++++++++++++++++++
[   23.458181] cloud-init[663]: ci-info: +-------+-------------+----------+-----------------+-----------+-------+
[   23.461720] cloud-init[663]: ci-info: | Route | Destination | Gateway  |     Genmask     | Interface | Flags |
[   23.463381] cloud-init[663]: ci-info: +-------+-------------+----------+-----------------+-----------+-------+
[   23.464956] cloud-init[663]: ci-info: |   0   |   0.0.0.0   | 10.0.2.2 |     0.0.0.0     |   enp0s3  |   UG  |
[   23.466536] cloud-init[663]: ci-info: |   1   |   10.0.2.0  | 0.0.0.0  |  255.255.255.0  |   enp0s3  |   U   |
[   23.492885] cloud-init[663]: ci-info: |   2   |   10.0.2.2  | 0.0.0.0  | 255.255.255.255 |   enp0s3  |   UH  |
[   23.494546] cloud-init[663]: ci-info: |   3   |  10.10.10.0 | 0.0.0.0  |  255.255.255.0  |   enp0s8  |   U   |
[   23.508286] cloud-init[663]: ci-info: +-------+-------------+----------+-----------------+-----------+-------+
[   23.565828] cloud-init[663]: ci-info: +++++++++++++++++++Route IPv6 info+++++++++++++++++++
[   23.585294] cloud-init[663]: ci-info: +-------+-------------+---------+-----------+-------+
[   23.612380] cloud-init[663]: ci-info: | Route | Destination | Gateway | Interface | Flags |
[   23.618094] cloud-init[663]: ci-info: +-------+-------------+---------+-----------+-------+
[   23.638776] cloud-init[663]: ci-info: |   1   |  fe80::/64  |    ::   |   enp0s8  |   U   |
[   23.640465] cloud-init[663]: ci-info: |   2   |  fe80::/64  |    ::   |   enp0s3  |   U   |
[   23.642047] cloud-init[663]: ci-info: |   4   |    local    |    ::   |   enp0s3  |   U   |
[   23.643609] cloud-init[663]: ci-info: |   5   |    local    |    ::   |   enp0s8  |   U   |
[   23.645208] cloud-init[663]: ci-info: |   6   |   ff00::/8  |    ::   |   enp0s8  |   U   |
[   23.647692] cloud-init[663]: ci-info: |   7   |   ff00::/8  |    ::   |   enp0s3  |   U   |
[   23.650008] cloud-init[663]: ci-info: +-------+-------------+---------+-----------+-------+
[[0;32m  OK  [0m] Started Initial cloud-init job (metadata service crawler).
[[0;32m  OK  [0m] Reached target Cloud-config availability.
[[0;32m  OK  [0m] Reached target System Initialization.
[[0;32m  OK  [0m] Started Discard unused blocks once a week.
[[0;32m  OK  [0m] Listening on D-Bus System Message Bus Socket.
[[0;32m  OK  [0m] Started Daily Cleanup of Temporary Directories.
[[0;32m  OK  [0m] Listening on Open-iSCSI iscsid Socket.
         Starting LXD - unix socket.
[[0;32m  OK  [0m] Started Daily apt download activities.
[[0;32m  OK  [0m] Started Daily apt upgrade and clean activities.
[[0;32m  OK  [0m] Started Message of the Day.
[[0;32m  OK  [0m] Reached target Timers.
         Starting Socket activation for snappy daemon.
[[0;32m  OK  [0m] Listening on UUID daemon activation socket.
[[0;32m  OK  [0m] Started ACPI Events Check.
[[0;32m  OK  [0m] Reached target Paths.
[[0;32m  OK  [0m] Listening on ACPID Listen Socket.
[[0;32m  OK  [0m] Reached target Network is Online.
         Starting Availability of block devices...
[[0;32m  OK  [0m] Reached target Remote File Systems (Pre).
[[0;32m  OK  [0m] Reached target Remote File Systems.
[[0;32m  OK  [0m] Listening on LXD - unix socket.
[[0;32m  OK  [0m] Listening on Socket activation for snappy daemon.
[[0;32m  OK  [0m] Reached target Sockets.
[[0;32m  OK  [0m] Reached target Basic System.
         Starting LSB: Record successful boot for GRUB...
[[0;32m  OK  [0m] Started Deferred execution scheduler.
         Starting LXD - container startup/shutdown...
         Starting LSB: powerful, efficient, …d scalable Mail Transport Agent...
         Starting Real time performance monitoring...
         Starting Accounts Service...
[[0;32m  OK  [0m] Started D-Bus System Message Bus.
         Starting Initialize hardware monitoring sensors...
         Starting Snappy daemon...
         Starting Dispatcher daemon for systemd-networkd...
[[0;32m  OK  [0m] Started FUSE filesystem for LXC.
         Starting System Logging Service...
         Starting LSB: automatic crash report generation...
         Starting Virtualbox guest utils...
[[0;32m  OK  [0m] Started Regular background program processing daemon.
         Starting Permit User Sessions...
[[0;32m  OK  [0m] Started irqbalance daemon.
         Starting Login Service...
         Starting OpenBSD Secure Shell server...
[[0;32m  OK  [0m] Started System Logging Service.
[[0;32m  OK  [0m] Started Availability of block devices.
[[0;32m  OK  [0m] Started Permit User Sessions.
[[0;32m  OK  [0m] Started Initialize hardware monitoring sensors.
[[0;32m  OK  [0m] Started Login Service.
[[0;32m  OK  [0m] Started Unattended Upgrades Shutdown.
         Starting Authorization Manager...
         Starting Terminate Plymouth Boot Screen...
         Starting Hold until boot process finishes up...
[[0;32m  OK  [0m] Started Hold until boot process finishes up.
         Starting Set console scheme...
[[0;32m  OK  [0m] Started Serial Getty on ttyS0.
[[0;32m  OK  [0m] Started Terminate Plymouth Boot Screen.
[[0;32m  OK  [0m] Started Set console scheme.
[[0;32m  OK  [0m] Created slice system-getty.slice.
[[0;32m  OK  [0m] Started Getty on tty1.
[[0;32m  OK  [0m] Reached target Login Prompts.
[[0;32m  OK  [0m] Started LSB: automatic crash report generation.
[[0;32m  OK  [0m] Started Real time performance monitoring.
[[0;32m  OK  [0m] Started Authorization Manager.
[[0;32m  OK  [0m] Started Accounts Service.
[[0;32m  OK  [0m] Started LSB: Record successful boot for GRUB.
[[0;32m  OK  [0m] Started Virtualbox guest utils.
[[0;32m  OK  [0m] Started Dispatcher daemon for systemd-networkd.
[[0;32m  OK  [0m] Started OpenBSD Secure Shell server.
[[0;32m  OK  [0m] Started LXD - container startup/shutdown.
[[0;32m  OK  [0m] Created slice User Slice of smmsp.
         Starting User Manager for UID 112...
[[0;32m  OK  [0m] Started Session c1 of user smmsp.
[[0;32m  OK  [0m] Created slice User Slice of vagrant.
         Starting User Manager for UID 1000...
[[0;32m  OK  [0m] Started Session 2 of user vagrant.
[[0;32m  OK  [0m] Started Snappy daemon.
         Starting Wait until snapd is fully seeded...
[[0;32m  OK  [0m] Started Wait until snapd is fully seeded.
         Starting Apply the settings specified in cloud-config...
[[0;32m  OK  [0m] Started User Manager for UID 1000.
[[0;32m  OK  [0m] Started User Manager for UID 112.
         Stopping User Manager for UID 112...
[[0;32m  OK  [0m] Stopped User Manager for UID 112.
[[0;32m  OK  [0m] Removed slice User Slice of smmsp.
[   31.842690] cloud-init[1314]: Cloud-init v. 19.4-33-gbb4131a2-0ubuntu1~18.04.1 running 'modules:config' at Thu, 18 Jun 2020 14:41:07 +0000. Up 31.22 seconds.

Ubuntu 18.04.4 LTS ubuntu-bionic ttyS0

ubuntu-bionic login: [   98.440162] cloud-init[2765]: Cloud-init v. 19.4-33-gbb4131a2-0ubuntu1~18.04.1 running 'modules:final' at Thu, 18 Jun 2020 14:42:10 +0000. Up 94.58 seconds.
[   98.506906] cloud-init[2765]: Cloud-init v. 19.4-33-gbb4131a2-0ubuntu1~18.04.1 finished at Thu, 18 Jun 2020 14:42:14 +0000. Datasource DataSourceNoCloud [seed=/dev/sdb][dsmode=net].  Up 98.42 seconds
         Stopping Session 19 of user vagrant.
         Stopping Authorization Manager...
         Stopping User Manager for UID 1000...
[[0;32m  OK  [0m] Stopped target Cloud-init target.
[[0;32m  OK  [0m] Stopped target Graphical Interface.
         Stopping Accounts Service...
[[0;32m  OK  [0m] Stopped Execute cloud user/final scripts.
[[0;32m  OK  [0m] Stopped Apply the settings specified in cloud-config.
[[0;32m  OK  [0m] Stopped target Cloud-config availability.
         Stopping Availability of block devices...
[[0;32m  OK0[[0;32m  OK  [0m] Stopped Initialize hardware monitoring sensors.
         Stopping D-Bus System Message Bus...
[[0;32m  OK  [0m] Stopped target Timers.
[[0;32m  OK  [0m] Stopped Daily apt upgrade and clean activities.
[[0;32m  OK  [0m] Stopped Message of the Day.
[[0;32m  OK  [0m] Stopped Discard unused blocks once a week.
[[0;32m  OK  [0m] Stopped Daily Cleanup of Temporary Directories.
[[0;32m  OK  [0m] Stopped Daily apt download activities.
[[0;32m  OK  [0m] Stopped target System Time Synchronized.
[[0;32m  OK  [0m] Unmounted /var/lib/lxcfs.
[[0;32m  OK  [0m] Stopped Deferred execution scheduler.
[[0;32m  OK  [0m] Stopped Accounts Service.
[[0;32m  OK  [0m] Stopped Dispatcher daemon for systemd-networkd.
[[0;32m  OK  [0m] Stopped System Logging Service.
[[0;32m  OK  [0m] Stopped Regular background program processing daemon.
[[0;32m  OK  [0m] Stopped irqbalance daemon.
[[0;32m  OK  [0m] Stopped Authorization Manager.
[[0;32m  OK  [0m] Stopped Serial Getty on ttyS0.
[[0;32m  OK  [0m] Stopped Getty on tty1.
[[0;32m  OK  [0m] Stopped OpenBSD Secure Shell server.
[[0;32m  OK  [0m] Stopped User Manager for UID 1000.
[[0;32m  OK  [0m] Stopped D-Bus System Message Bus.
[[0;32m  OK  [0m] Stopped Session 19 of user vagrant.
[[0;32m  OK  [0m] Removed slice User Slice of vagrant.
[[0;32m  OK  [0m] Removed slice system-getty.slice.
         Stopping Permit User Sessions...
[[0;32m  OK  [0m] Removed slice system-serial\x2dgetty.slice.
[[0;32m  OK  [0m] Stopped LSB: Record successful boot for GRUB.
[[0;32m  OK  [0m] Stopped Permit User Sessions.
[[0;32m  OK  [0m] Stopped Availability of block devices.
[[0;32m  OK  [0m] Stopped Unattended Upgrades Shutdown.
         Stopping Login Service...
[[0;32m  OK  [0m] Stopped LXD - container startup/shutdown.
[[0;32m  OK  [0m] Stopped Virtualbox guest utils.
[[0;32m  OK  [0m] Stopped Login Service.
[[0;32m  OK  [0m] Stopped target User and Group Name Lookups.
[[0;32m  OK  [0m] Stopped FUSE filesystem for LXC.
[[0;32m  OK  [0m] Stopped LSB: automatic crash report generation.
[[0;32m  OK  [0m] Stopped LSB: powerful, efficient, and scalable Mail Transport Agent.
[[0;32m  OK  [0m] Stopped target Remote File Systems.
[[0;32m  OK  [0m] Stopped target Remote File Systems (Pre).
[[0;32m  OK  [0m] Stopped target Host and Network Name Lookups.
[[0;32m  OK  [0m] Stopped target Network is Online.
[[0;32m  OK  [0m] Stopped Real time performance monitoring.
[[0;32m  OK  [0m] Stopped target Network.
         Stopping Network Name Resolution...
[[0;32m  OK  [0m] Stopped target Basic System.
[[0;32m  OK  [0m] Stopped target Slices.
[[0;32m  OK  [0m] Removed slice User and Session Slice.
[[0;32m  OK  [0m] Stopped target Paths.
[[0;32m  OK  [0m] Stopped ACPI Events Check.
[[0;32m  OK  [0m] Stopped target Sockets.
[[0;32m  OK  [0m] Closed UUID daemon activation socket.
[[0;32m  OK  [0m] Closed Syslog Socket.
[[0;32m  OK  [0m] Closed ACPID Listen Socket.
[[0;32m  OK  [0m] Closed D-Bus System Message Bus Socket.
[[0;32m  OK  [0m] Closed LXD - unix socket.
[[0;32m  OK  [0m] Closed Open-iSCSI iscsid Socket.
[[0;32m  OK  [0m] Closed Socket activation for snappy daemon.
[[0;32m  OK  [0m] Stopped target System Initialization.
         Stopping Update UTMP about System Boot/Shutdown...
[[0;32m  OK  [0m] Stopped Initial cloud-init job (metadata service crawler).
         Stopping Load/Save Random Seed...
[[0;32m  OK  [0m] Stopped target Local Encrypted Volumes.
[[0;32m  OK  [0m] Stopped Forward Password Requests to Wall Directory Watch.
[[0;32m  OK  [0m] Stopped Dispatch Password Requests to Console Directory Watch.
[[0;32m  OK  [0m] Stopped Network Name Resolution.
[[0;32m  OK  [0m] Stopped Load/Save Random Seed.
         Stopping Network Service...
[[0;32m  OK  [0m] Stopped Update UTMP about System Boot/Shutdown.
[[0;32m  OK  [0m] Stopped Create Volatile Files and Directories.
[[0;32m  OK  [0m] Stopped target Local File Systems.
         Unmounting /run/user/1000...
         Unmounting /vagrant...
[[0;32m  OK  [0m] Stopped Network Service.
[[0;32m  OK  [0m] Unmounted /run/user/1000.
[[0;32m  OK  [0m] Stopped target Swap.
[[0;32m  OK  [0m] Stopped Apply Kernel Variables.
[[0;32m  OK  [0m] Stopped Load Kernel Modules.
[[0;32m  OK  [0m] Stopped target Network (Pre).
[[0;32m  OK  [0m] Stopped Initial cloud-init job (pre-networking).
[[0;32m  OK  [0m] Unmounted /vagrant.
[[0;32m  OK  [0m] Reached target Unmount All Filesystems.
[[0;32m  OK  [0m] Stopped target Local File Systems (Pre).
[[0;32m  OK  [0m] Stopped Create Static Device Nodes in /dev.
         Stopping Monitoring of LVM2 mirrors…ng dmeventd or progress polling...
[[0;32m  OK  [0m] Stopped Remount Root and Kernel File Systems.
[[0;32m  OK  [0m] Reached target Shutdown.
[[0;32m  OK  [0m] Reached target Final Step.
         Starting Power-Off...
[ 3356.498661] reboot: Power down
